<?xml version="1.0" encoding="UTF-8"?>
<testsuite xmlns:xsi="http://www.w3.org/2001/XMLSchema-instance" xsi:noNamespaceSchemaLocation="https://maven.apache.org/surefire/maven-surefire-plugin/xsd/surefire-test-report-3.0.xsd" version="3.0" name="com.modakdev.modakflix_commentsection.ModakflixCommentsectionApplicationTests" time="1.224" tests="1" errors="0" skipped="0" failures="0">
  <properties>
    <property name="java.specification.version" value="23"/>
    <property name="sun.jnu.encoding" value="UTF-8"/>
    <property name="java.class.path" value="/Users/souravmodak/projects/ModakFlix-Project/modakflix-commentsection/target/test-classes:/Users/souravmodak/projects/ModakFlix-Project/modakflix-commentsection/target/classes:/Users/souravmodak/.m2/repository/org/springframework/boot/spring-boot-starter-data-mongodb/3.3.6/spring-boot-starter-data-mongodb-3.3.6.jar:/Users/souravmodak/.m2/repository/org/springframework/boot/spring-boot-starter/3.3.6/spring-boot-starter-3.3.6.jar:/Users/souravmodak/.m2/repository/org/springframework/boot/spring-boot-starter-logging/3.3.6/spring-boot-starter-logging-3.3.6.jar:/Users/souravmodak/.m2/repository/ch/qos/logback/logback-classic/1.5.12/logback-classic-1.5.12.jar:/Users/souravmodak/.m2/repository/ch/qos/logback/logback-core/1.5.12/logback-core-1.5.12.jar:/Users/souravmodak/.m2/repository/org/apache/logging/log4j/log4j-to-slf4j/2.23.1/log4j-to-slf4j-2.23.1.jar:/Users/souravmodak/.m2/repository/org/apache/logging/log4j/log4j-api/2.23.1/log4j-api-2.23.1.jar:/Users/souravmodak/.m2/repository/org/slf4j/jul-to-slf4j/2.0.16/jul-to-slf4j-2.0.16.jar:/Users/souravmodak/.m2/repository/jakarta/annotation/jakarta.annotation-api/2.1.1/jakarta.annotation-api-2.1.1.jar:/Users/souravmodak/.m2/repository/org/yaml/snakeyaml/2.2/snakeyaml-2.2.jar:/Users/souravmodak/.m2/repository/org/mongodb/mongodb-driver-sync/5.0.1/mongodb-driver-sync-5.0.1.jar:/Users/souravmodak/.m2/repository/org/mongodb/bson/5.0.1/bson-5.0.1.jar:/Users/souravmodak/.m2/repository/org/mongodb/mongodb-driver-core/5.0.1/mongodb-driver-core-5.0.1.jar:/Users/souravmodak/.m2/repository/org/mongodb/bson-record-codec/5.0.1/bson-record-codec-5.0.1.jar:/Users/souravmodak/.m2/repository/org/springframework/data/spring-data-mongodb/4.3.6/spring-data-mongodb-4.3.6.jar:/Users/souravmodak/.m2/repository/org/springframework/spring-tx/6.1.15/spring-tx-6.1.15.jar:/Users/souravmodak/.m2/repository/org/springframework/spring-context/6.1.15/spring-context-6.1.15.jar:/Users/souravmodak/.m2/repository/org/springframework/spring-beans/6.1.15/spring-beans-6.1.15.jar:/Users/souravmodak/.m2/repository/org/springframework/spring-expression/6.1.15/spring-expression-6.1.15.jar:/Users/souravmodak/.m2/repository/org/springframework/data/spring-data-commons/3.3.6/spring-data-commons-3.3.6.jar:/Users/souravmodak/.m2/repository/org/slf4j/slf4j-api/2.0.16/slf4j-api-2.0.16.jar:/Users/souravmodak/.m2/repository/org/springframework/boot/spring-boot-starter-validation/3.3.6/spring-boot-starter-validation-3.3.6.jar:/Users/souravmodak/.m2/repository/org/apache/tomcat/embed/tomcat-embed-el/10.1.33/tomcat-embed-el-10.1.33.jar:/Users/souravmodak/.m2/repository/org/hibernate/validator/hibernate-validator/8.0.1.Final/hibernate-validator-8.0.1.Final.jar:/Users/souravmodak/.m2/repository/jakarta/validation/jakarta.validation-api/3.0.2/jakarta.validation-api-3.0.2.jar:/Users/souravmodak/.m2/repository/org/jboss/logging/jboss-logging/3.5.3.Final/jboss-logging-3.5.3.Final.jar:/Users/souravmodak/.m2/repository/com/fasterxml/classmate/1.7.0/classmate-1.7.0.jar:/Users/souravmodak/.m2/repository/org/springframework/boot/spring-boot-starter-web/3.3.6/spring-boot-starter-web-3.3.6.jar:/Users/souravmodak/.m2/repository/org/springframework/boot/spring-boot-starter-json/3.3.6/spring-boot-starter-json-3.3.6.jar:/Users/souravmodak/.m2/repository/com/fasterxml/jackson/core/jackson-databind/2.17.3/jackson-databind-2.17.3.jar:/Users/souravmodak/.m2/repository/com/fasterxml/jackson/core/jackson-annotations/2.17.3/jackson-annotations-2.17.3.jar:/Users/souravmodak/.m2/repository/com/fasterxml/jackson/core/jackson-core/2.17.3/jackson-core-2.17.3.jar:/Users/souravmodak/.m2/repository/com/fasterxml/jackson/datatype/jackson-datatype-jdk8/2.17.3/jackson-datatype-jdk8-2.17.3.jar:/Users/souravmodak/.m2/repository/com/fasterxml/jackson/datatype/jackson-datatype-jsr310/2.17.3/jackson-datatype-jsr310-2.17.3.jar:/Users/souravmodak/.m2/repository/com/fasterxml/jackson/module/jackson-module-parameter-names/2.17.3/jackson-module-parameter-names-2.17.3.jar:/Users/souravmodak/.m2/repository/org/springframework/boot/spring-boot-starter-tomcat/3.3.6/spring-boot-starter-tomcat-3.3.6.jar:/Users/souravmodak/.m2/repository/org/apache/tomcat/embed/tomcat-embed-core/10.1.33/tomcat-embed-core-10.1.33.jar:/Users/souravmodak/.m2/repository/org/apache/tomcat/embed/tomcat-embed-websocket/10.1.33/tomcat-embed-websocket-10.1.33.jar:/Users/souravmodak/.m2/repository/org/springframework/spring-web/6.1.15/spring-web-6.1.15.jar:/Users/souravmodak/.m2/repository/io/micrometer/micrometer-observation/1.13.8/micrometer-observation-1.13.8.jar:/Users/souravmodak/.m2/repository/io/micrometer/micrometer-commons/1.13.8/micrometer-commons-1.13.8.jar:/Users/souravmodak/.m2/repository/org/springframework/spring-webmvc/6.1.15/spring-webmvc-6.1.15.jar:/Users/souravmodak/.m2/repository/org/springframework/spring-aop/6.1.15/spring-aop-6.1.15.jar:/Users/souravmodak/.m2/repository/org/springframework/boot/spring-boot-devtools/3.3.6/spring-boot-devtools-3.3.6.jar:/Users/souravmodak/.m2/repository/org/springframework/boot/spring-boot/3.3.6/spring-boot-3.3.6.jar:/Users/souravmodak/.m2/repository/org/springframework/boot/spring-boot-autoconfigure/3.3.6/spring-boot-autoconfigure-3.3.6.jar:/Users/souravmodak/.m2/repository/org/springframework/boot/spring-boot-starter-test/3.3.6/spring-boot-starter-test-3.3.6.jar:/Users/souravmodak/.m2/repository/org/springframework/boot/spring-boot-test/3.3.6/spring-boot-test-3.3.6.jar:/Users/souravmodak/.m2/repository/org/springframework/boot/spring-boot-test-autoconfigure/3.3.6/spring-boot-test-autoconfigure-3.3.6.jar:/Users/souravmodak/.m2/repository/com/jayway/jsonpath/json-path/2.9.0/json-path-2.9.0.jar:/Users/souravmodak/.m2/repository/jakarta/xml/bind/jakarta.xml.bind-api/4.0.2/jakarta.xml.bind-api-4.0.2.jar:/Users/souravmodak/.m2/repository/jakarta/activation/jakarta.activation-api/2.1.3/jakarta.activation-api-2.1.3.jar:/Users/souravmodak/.m2/repository/net/minidev/json-smart/2.5.1/json-smart-2.5.1.jar:/Users/souravmodak/.m2/repository/net/minidev/accessors-smart/2.5.1/accessors-smart-2.5.1.jar:/Users/souravmodak/.m2/repository/org/ow2/asm/asm/9.6/asm-9.6.jar:/Users/souravmodak/.m2/repository/org/assertj/assertj-core/3.25.3/assertj-core-3.25.3.jar:/Users/souravmodak/.m2/repository/net/bytebuddy/byte-buddy/1.14.19/byte-buddy-1.14.19.jar:/Users/souravmodak/.m2/repository/org/awaitility/awaitility/4.2.2/awaitility-4.2.2.jar:/Users/souravmodak/.m2/repository/org/hamcrest/hamcrest/2.2/hamcrest-2.2.jar:/Users/souravmodak/.m2/repository/org/junit/jupiter/junit-jupiter/5.10.5/junit-jupiter-5.10.5.jar:/Users/souravmodak/.m2/repository/org/junit/jupiter/junit-jupiter-api/5.10.5/junit-jupiter-api-5.10.5.jar:/Users/souravmodak/.m2/repository/org/opentest4j/opentest4j/1.3.0/opentest4j-1.3.0.jar:/Users/souravmodak/.m2/repository/org/junit/platform/junit-platform-commons/1.10.5/junit-platform-commons-1.10.5.jar:/Users/souravmodak/.m2/repository/org/apiguardian/apiguardian-api/1.1.2/apiguardian-api-1.1.2.jar:/Users/souravmodak/.m2/repository/org/junit/jupiter/junit-jupiter-params/5.10.5/junit-jupiter-params-5.10.5.jar:/Users/souravmodak/.m2/repository/org/junit/jupiter/junit-jupiter-engine/5.10.5/junit-jupiter-engine-5.10.5.jar:/Users/souravmodak/.m2/repository/org/junit/platform/junit-platform-engine/1.10.5/junit-platform-engine-1.10.5.jar:/Users/souravmodak/.m2/repository/org/mockito/mockito-core/5.11.0/mockito-core-5.11.0.jar:/Users/souravmodak/.m2/repository/net/bytebuddy/byte-buddy-agent/1.14.19/byte-buddy-agent-1.14.19.jar:/Users/souravmodak/.m2/repository/org/objenesis/objenesis/3.3/objenesis-3.3.jar:/Users/souravmodak/.m2/repository/org/mockito/mockito-junit-jupiter/5.11.0/mockito-junit-jupiter-5.11.0.jar:/Users/souravmodak/.m2/repository/org/skyscreamer/jsonassert/1.5.3/jsonassert-1.5.3.jar:/Users/souravmodak/.m2/repository/com/vaadin/external/google/android-json/0.0.20131108.vaadin1/android-json-0.0.20131108.vaadin1.jar:/Users/souravmodak/.m2/repository/org/springframework/spring-core/6.1.15/spring-core-6.1.15.jar:/Users/souravmodak/.m2/repository/org/springframework/spring-jcl/6.1.15/spring-jcl-6.1.15.jar:/Users/souravmodak/.m2/repository/org/springframework/spring-test/6.1.15/spring-test-6.1.15.jar:/Users/souravmodak/.m2/repository/org/xmlunit/xmlunit-core/2.9.1/xmlunit-core-2.9.1.jar:"/>
    <property name="java.vm.vendor" value="Homebrew"/>
    <property name="sun.arch.data.model" value="64"/>
    <property name="java.vendor.url" value="https://github.com/Homebrew/homebrew-core/issues"/>
    <property name="user.timezone" value="America/Toronto"/>
    <property name="org.jboss.logging.provider" value="slf4j"/>
    <property name="os.name" value="Mac OS X"/>
    <property name="java.vm.specification.version" value="23"/>
    <property name="sun.java.launcher" value="SUN_STANDARD"/>
    <property name="user.country" value="CA"/>
    <property name="sun.boot.library.path" value="/opt/homebrew/Cellar/openjdk/23.0.2/libexec/openjdk.jdk/Contents/Home/lib"/>
    <property name="sun.java.command" value="/Users/souravmodak/projects/ModakFlix-Project/modakflix-commentsection/target/surefire/surefirebooter-20250304181704601_3.jar /Users/souravmodak/projects/ModakFlix-Project/modakflix-commentsection/target/surefire 2025-03-04T18-17-04_569-jvmRun1 surefire-20250304181704601_1tmp surefire_0-20250304181704601_2tmp"/>
    <property name="jdk.debug" value="release"/>
    <property name="surefire.test.class.path" value="/Users/souravmodak/projects/ModakFlix-Project/modakflix-commentsection/target/test-classes:/Users/souravmodak/projects/ModakFlix-Project/modakflix-commentsection/target/classes:/Users/souravmodak/.m2/repository/org/springframework/boot/spring-boot-starter-data-mongodb/3.3.6/spring-boot-starter-data-mongodb-3.3.6.jar:/Users/souravmodak/.m2/repository/org/springframework/boot/spring-boot-starter/3.3.6/spring-boot-starter-3.3.6.jar:/Users/souravmodak/.m2/repository/org/springframework/boot/spring-boot-starter-logging/3.3.6/spring-boot-starter-logging-3.3.6.jar:/Users/souravmodak/.m2/repository/ch/qos/logback/logback-classic/1.5.12/logback-classic-1.5.12.jar:/Users/souravmodak/.m2/repository/ch/qos/logback/logback-core/1.5.12/logback-core-1.5.12.jar:/Users/souravmodak/.m2/repository/org/apache/logging/log4j/log4j-to-slf4j/2.23.1/log4j-to-slf4j-2.23.1.jar:/Users/souravmodak/.m2/repository/org/apache/logging/log4j/log4j-api/2.23.1/log4j-api-2.23.1.jar:/Users/souravmodak/.m2/repository/org/slf4j/jul-to-slf4j/2.0.16/jul-to-slf4j-2.0.16.jar:/Users/souravmodak/.m2/repository/jakarta/annotation/jakarta.annotation-api/2.1.1/jakarta.annotation-api-2.1.1.jar:/Users/souravmodak/.m2/repository/org/yaml/snakeyaml/2.2/snakeyaml-2.2.jar:/Users/souravmodak/.m2/repository/org/mongodb/mongodb-driver-sync/5.0.1/mongodb-driver-sync-5.0.1.jar:/Users/souravmodak/.m2/repository/org/mongodb/bson/5.0.1/bson-5.0.1.jar:/Users/souravmodak/.m2/repository/org/mongodb/mongodb-driver-core/5.0.1/mongodb-driver-core-5.0.1.jar:/Users/souravmodak/.m2/repository/org/mongodb/bson-record-codec/5.0.1/bson-record-codec-5.0.1.jar:/Users/souravmodak/.m2/repository/org/springframework/data/spring-data-mongodb/4.3.6/spring-data-mongodb-4.3.6.jar:/Users/souravmodak/.m2/repository/org/springframework/spring-tx/6.1.15/spring-tx-6.1.15.jar:/Users/souravmodak/.m2/repository/org/springframework/spring-context/6.1.15/spring-context-6.1.15.jar:/Users/souravmodak/.m2/repository/org/springframework/spring-beans/6.1.15/spring-beans-6.1.15.jar:/Users/souravmodak/.m2/repository/org/springframework/spring-expression/6.1.15/spring-expression-6.1.15.jar:/Users/souravmodak/.m2/repository/org/springframework/data/spring-data-commons/3.3.6/spring-data-commons-3.3.6.jar:/Users/souravmodak/.m2/repository/org/slf4j/slf4j-api/2.0.16/slf4j-api-2.0.16.jar:/Users/souravmodak/.m2/repository/org/springframework/boot/spring-boot-starter-validation/3.3.6/spring-boot-starter-validation-3.3.6.jar:/Users/souravmodak/.m2/repository/org/apache/tomcat/embed/tomcat-embed-el/10.1.33/tomcat-embed-el-10.1.33.jar:/Users/souravmodak/.m2/repository/org/hibernate/validator/hibernate-validator/8.0.1.Final/hibernate-validator-8.0.1.Final.jar:/Users/souravmodak/.m2/repository/jakarta/validation/jakarta.validation-api/3.0.2/jakarta.validation-api-3.0.2.jar:/Users/souravmodak/.m2/repository/org/jboss/logging/jboss-logging/3.5.3.Final/jboss-logging-3.5.3.Final.jar:/Users/souravmodak/.m2/repository/com/fasterxml/classmate/1.7.0/classmate-1.7.0.jar:/Users/souravmodak/.m2/repository/org/springframework/boot/spring-boot-starter-web/3.3.6/spring-boot-starter-web-3.3.6.jar:/Users/souravmodak/.m2/repository/org/springframework/boot/spring-boot-starter-json/3.3.6/spring-boot-starter-json-3.3.6.jar:/Users/souravmodak/.m2/repository/com/fasterxml/jackson/core/jackson-databind/2.17.3/jackson-databind-2.17.3.jar:/Users/souravmodak/.m2/repository/com/fasterxml/jackson/core/jackson-annotations/2.17.3/jackson-annotations-2.17.3.jar:/Users/souravmodak/.m2/repository/com/fasterxml/jackson/core/jackson-core/2.17.3/jackson-core-2.17.3.jar:/Users/souravmodak/.m2/repository/com/fasterxml/jackson/datatype/jackson-datatype-jdk8/2.17.3/jackson-datatype-jdk8-2.17.3.jar:/Users/souravmodak/.m2/repository/com/fasterxml/jackson/datatype/jackson-datatype-jsr310/2.17.3/jackson-datatype-jsr310-2.17.3.jar:/Users/souravmodak/.m2/repository/com/fasterxml/jackson/module/jackson-module-parameter-names/2.17.3/jackson-module-parameter-names-2.17.3.jar:/Users/souravmodak/.m2/repository/org/springframework/boot/spring-boot-starter-tomcat/3.3.6/spring-boot-starter-tomcat-3.3.6.jar:/Users/souravmodak/.m2/repository/org/apache/tomcat/embed/tomcat-embed-core/10.1.33/tomcat-embed-core-10.1.33.jar:/Users/souravmodak/.m2/repository/org/apache/tomcat/embed/tomcat-embed-websocket/10.1.33/tomcat-embed-websocket-10.1.33.jar:/Users/souravmodak/.m2/repository/org/springframework/spring-web/6.1.15/spring-web-6.1.15.jar:/Users/souravmodak/.m2/repository/io/micrometer/micrometer-observation/1.13.8/micrometer-observation-1.13.8.jar:/Users/souravmodak/.m2/repository/io/micrometer/micrometer-commons/1.13.8/micrometer-commons-1.13.8.jar:/Users/souravmodak/.m2/repository/org/springframework/spring-webmvc/6.1.15/spring-webmvc-6.1.15.jar:/Users/souravmodak/.m2/repository/org/springframework/spring-aop/6.1.15/spring-aop-6.1.15.jar:/Users/souravmodak/.m2/repository/org/springframework/boot/spring-boot-devtools/3.3.6/spring-boot-devtools-3.3.6.jar:/Users/souravmodak/.m2/repository/org/springframework/boot/spring-boot/3.3.6/spring-boot-3.3.6.jar:/Users/souravmodak/.m2/repository/org/springframework/boot/spring-boot-autoconfigure/3.3.6/spring-boot-autoconfigure-3.3.6.jar:/Users/souravmodak/.m2/repository/org/springframework/boot/spring-boot-starter-test/3.3.6/spring-boot-starter-test-3.3.6.jar:/Users/souravmodak/.m2/repository/org/springframework/boot/spring-boot-test/3.3.6/spring-boot-test-3.3.6.jar:/Users/souravmodak/.m2/repository/org/springframework/boot/spring-boot-test-autoconfigure/3.3.6/spring-boot-test-autoconfigure-3.3.6.jar:/Users/souravmodak/.m2/repository/com/jayway/jsonpath/json-path/2.9.0/json-path-2.9.0.jar:/Users/souravmodak/.m2/repository/jakarta/xml/bind/jakarta.xml.bind-api/4.0.2/jakarta.xml.bind-api-4.0.2.jar:/Users/souravmodak/.m2/repository/jakarta/activation/jakarta.activation-api/2.1.3/jakarta.activation-api-2.1.3.jar:/Users/souravmodak/.m2/repository/net/minidev/json-smart/2.5.1/json-smart-2.5.1.jar:/Users/souravmodak/.m2/repository/net/minidev/accessors-smart/2.5.1/accessors-smart-2.5.1.jar:/Users/souravmodak/.m2/repository/org/ow2/asm/asm/9.6/asm-9.6.jar:/Users/souravmodak/.m2/repository/org/assertj/assertj-core/3.25.3/assertj-core-3.25.3.jar:/Users/souravmodak/.m2/repository/net/bytebuddy/byte-buddy/1.14.19/byte-buddy-1.14.19.jar:/Users/souravmodak/.m2/repository/org/awaitility/awaitility/4.2.2/awaitility-4.2.2.jar:/Users/souravmodak/.m2/repository/org/hamcrest/hamcrest/2.2/hamcrest-2.2.jar:/Users/souravmodak/.m2/repository/org/junit/jupiter/junit-jupiter/5.10.5/junit-jupiter-5.10.5.jar:/Users/souravmodak/.m2/repository/org/junit/jupiter/junit-jupiter-api/5.10.5/junit-jupiter-api-5.10.5.jar:/Users/souravmodak/.m2/repository/org/opentest4j/opentest4j/1.3.0/opentest4j-1.3.0.jar:/Users/souravmodak/.m2/repository/org/junit/platform/junit-platform-commons/1.10.5/junit-platform-commons-1.10.5.jar:/Users/souravmodak/.m2/repository/org/apiguardian/apiguardian-api/1.1.2/apiguardian-api-1.1.2.jar:/Users/souravmodak/.m2/repository/org/junit/jupiter/junit-jupiter-params/5.10.5/junit-jupiter-params-5.10.5.jar:/Users/souravmodak/.m2/repository/org/junit/jupiter/junit-jupiter-engine/5.10.5/junit-jupiter-engine-5.10.5.jar:/Users/souravmodak/.m2/repository/org/junit/platform/junit-platform-engine/1.10.5/junit-platform-engine-1.10.5.jar:/Users/souravmodak/.m2/repository/org/mockito/mockito-core/5.11.0/mockito-core-5.11.0.jar:/Users/souravmodak/.m2/repository/net/bytebuddy/byte-buddy-agent/1.14.19/byte-buddy-agent-1.14.19.jar:/Users/souravmodak/.m2/repository/org/objenesis/objenesis/3.3/objenesis-3.3.jar:/Users/souravmodak/.m2/repository/org/mockito/mockito-junit-jupiter/5.11.0/mockito-junit-jupiter-5.11.0.jar:/Users/souravmodak/.m2/repository/org/skyscreamer/jsonassert/1.5.3/jsonassert-1.5.3.jar:/Users/souravmodak/.m2/repository/com/vaadin/external/google/android-json/0.0.20131108.vaadin1/android-json-0.0.20131108.vaadin1.jar:/Users/souravmodak/.m2/repository/org/springframework/spring-core/6.1.15/spring-core-6.1.15.jar:/Users/souravmodak/.m2/repository/org/springframework/spring-jcl/6.1.15/spring-jcl-6.1.15.jar:/Users/souravmodak/.m2/repository/org/springframework/spring-test/6.1.15/spring-test-6.1.15.jar:/Users/souravmodak/.m2/repository/org/xmlunit/xmlunit-core/2.9.1/xmlunit-core-2.9.1.jar:"/>
    <property name="sun.cpu.endian" value="little"/>
    <property name="user.home" value="/Users/souravmodak"/>
    <property name="user.language" value="en"/>
    <property name="java.specification.vendor" value="Oracle Corporation"/>
    <property name="java.version.date" value="2025-01-21"/>
    <property name="java.home" value="/opt/homebrew/Cellar/openjdk/23.0.2/libexec/openjdk.jdk/Contents/Home"/>
    <property name="file.separator" value="/"/>
    <property name="basedir" value="/Users/souravmodak/projects/ModakFlix-Project/modakflix-commentsection"/>
    <property name="java.vm.compressedOopsMode" value="Zero based"/>
    <property name="line.separator" value="&#10;"/>
    <property name="java.vm.specification.vendor" value="Oracle Corporation"/>
    <property name="java.specification.name" value="Java Platform API Specification"/>
    <property name="FILE_LOG_CHARSET" value="UTF-8"/>
    <property name="java.awt.headless" value="true"/>
    <property name="apple.awt.application.name" value="ForkedBooter"/>
    <property name="surefire.real.class.path" value="/Users/souravmodak/projects/ModakFlix-Project/modakflix-commentsection/target/surefire/surefirebooter-20250304181704601_3.jar"/>
    <property name="sun.management.compiler" value="HotSpot 64-Bit Tiered Compilers"/>
    <property name="java.runtime.version" value="23.0.2"/>
    <property name="user.name" value="souravmodak"/>
    <property name="stdout.encoding" value="UTF-8"/>
    <property name="path.separator" value=":"/>
    <property name="os.version" value="15.3.1"/>
    <property name="java.runtime.name" value="OpenJDK Runtime Environment"/>
    <property name="file.encoding" value="UTF-8"/>
    <property name="java.vm.name" value="OpenJDK 64-Bit Server VM"/>
    <property name="java.vendor.version" value="Homebrew"/>
    <property name="localRepository" value="/Users/souravmodak/.m2/repository"/>
    <property name="java.vendor.url.bug" value="https://github.com/Homebrew/homebrew-core/issues"/>
    <property name="java.io.tmpdir" value="/var/folders/s6/323zmjks7gn14s550gj32lp80000gn/T/"/>
    <property name="java.version" value="23.0.2"/>
    <property name="user.dir" value="/Users/souravmodak/projects/ModakFlix-Project/modakflix-commentsection"/>
    <property name="os.arch" value="aarch64"/>
    <property name="java.vm.specification.name" value="Java Virtual Machine Specification"/>
    <property name="PID" value="53758"/>
    <property name="CONSOLE_LOG_CHARSET" value="UTF-8"/>
    <property name="native.encoding" value="UTF-8"/>
    <property name="java.library.path" value="/Users/souravmodak/Library/Java/Extensions:/Library/Java/Extensions:/Network/Library/Java/Extensions:/System/Library/Java/Extensions:/usr/lib/java:."/>
    <property name="java.vm.info" value="mixed mode, sharing"/>
    <property name="stderr.encoding" value="UTF-8"/>
    <property name="java.vendor" value="Homebrew"/>
    <property name="java.vm.version" value="23.0.2"/>
    <property name="sun.io.unicode.encoding" value="UnicodeBig"/>
    <property name="java.class.version" value="67.0"/>
    <property name="LOGGED_APPLICATION_NAME" value="[modakflix-commentsection] "/>
  </properties>
  <testcase name="contextLoads" classname="com.modakdev.modakflix_commentsection.ModakflixCommentsectionApplicationTests" time="0.376">
    <system-out><![CDATA[18:17:04.885 [main] INFO org.springframework.test.context.support.AnnotationConfigContextLoaderUtils -- Could not detect default configuration classes for test class [com.modakdev.modakflix_commentsection.ModakflixCommentsectionApplicationTests]: ModakflixCommentsectionApplicationTests does not declare any static, non-private, non-final, nested classes annotated with @Configuration.
18:17:04.920 [main] INFO org.springframework.boot.test.context.SpringBootTestContextBootstrapper -- Found @SpringBootConfiguration com.modakdev.modakflix_commentsection.ModakflixCommentsectionApplication for test class com.modakdev.modakflix_commentsection.ModakflixCommentsectionApplicationTests
18:17:04.967 [main] INFO org.springframework.boot.devtools.restart.RestartApplicationListener -- Restart disabled due to context in which it is running

  .   ____          _            __ _ _
 /\\ / ___'_ __ _ _(_)_ __  __ _ \ \ \ \
( ( )\___ | '_ | '_| | '_ \/ _` | \ \ \ \
 \\/  ___)| |_)| | | | | || (_| |  ) ) ) )
  '  |____| .__|_| |_|_| |_\__, | / / / /
 =========|_|==============|___/=/_/_/_/

 :: Spring Boot ::                (v3.3.6)

2025-03-04T18:17:05.041-05:00  INFO 53758 --- [modakflix-commentsection] [           main] .ModakflixCommentsectionApplicationTests : Starting ModakflixCommentsectionApplicationTests using Java 23.0.2 with PID 53758 (started by souravmodak in /Users/souravmodak/projects/ModakFlix-Project/modakflix-commentsection)
2025-03-04T18:17:05.041-05:00  INFO 53758 --- [modakflix-commentsection] [           main] .ModakflixCommentsectionApplicationTests : No active profile set, falling back to 1 default profile: "default"
2025-03-04T18:17:05.262-05:00  INFO 53758 --- [modakflix-commentsection] [           main] .s.d.r.c.RepositoryConfigurationDelegate : Bootstrapping Spring Data MongoDB repositories in DEFAULT mode.
2025-03-04T18:17:05.276-05:00  INFO 53758 --- [modakflix-commentsection] [           main] .s.d.r.c.RepositoryConfigurationDelegate : Finished Spring Data repository scanning in 13 ms. Found 1 MongoDB repository interface.
2025-03-04T18:17:05.413-05:00  INFO 53758 --- [modakflix-commentsection] [           main] org.mongodb.driver.client                : MongoClient with metadata {"driver": {"name": "mongo-java-driver|sync|spring-boot", "version": "5.0.1"}, "os": {"type": "Darwin", "name": "Mac OS X", "architecture": "aarch64", "version": "15.3.1"}, "platform": "Java/Homebrew/23.0.2"} created with settings MongoClientSettings{readPreference=primary, writeConcern=WriteConcern{w=null, wTimeout=null ms, journal=null}, retryWrites=true, retryReads=true, readConcern=ReadConcern{level=null}, credential=null, transportSettings=null, commandListeners=[], codecRegistry=ProvidersCodecRegistry{codecProviders=[ValueCodecProvider{}, BsonValueCodecProvider{}, DBRefCodecProvider{}, DBObjectCodecProvider{}, DocumentCodecProvider{}, CollectionCodecProvider{}, IterableCodecProvider{}, MapCodecProvider{}, GeoJsonCodecProvider{}, GridFSFileCodecProvider{}, Jsr310CodecProvider{}, JsonObjectCodecProvider{}, BsonCodecProvider{}, EnumCodecProvider{}, com.mongodb.client.model.mql.ExpressionCodecProvider@60aec68a, com.mongodb.Jep395RecordCodecProvider@25a7fedf, com.mongodb.KotlinCodecProvider@6361b799]}, loggerSettings=LoggerSettings{maxDocumentLength=1000}, clusterSettings={hosts=[localhost:27017], srvServiceName=mongodb, mode=SINGLE, requiredClusterType=UNKNOWN, requiredReplicaSetName='null', serverSelector='null', clusterListeners='[]', serverSelectionTimeout='30000 ms', localThreshold='15 ms'}, socketSettings=SocketSettings{connectTimeoutMS=10000, readTimeoutMS=0, receiveBufferSize=0, proxySettings=ProxySettings{host=null, port=null, username=null, password=null}}, heartbeatSocketSettings=SocketSettings{connectTimeoutMS=10000, readTimeoutMS=10000, receiveBufferSize=0, proxySettings=ProxySettings{host=null, port=null, username=null, password=null}}, connectionPoolSettings=ConnectionPoolSettings{maxSize=100, minSize=0, maxWaitTimeMS=120000, maxConnectionLifeTimeMS=0, maxConnectionIdleTimeMS=0, maintenanceInitialDelayMS=0, maintenanceFrequencyMS=60000, connectionPoolListeners=[], maxConnecting=2}, serverSettings=ServerSettings{heartbeatFrequencyMS=10000, minHeartbeatFrequencyMS=500, serverListeners='[]', serverMonitorListeners='[]'}, sslSettings=SslSettings{enabled=false, invalidHostNameAllowed=false, context=null}, applicationName='null', compressorList=[], uuidRepresentation=JAVA_LEGACY, serverApi=null, autoEncryptionSettings=null, dnsClient=null, inetAddressResolver=null, contextProvider=null}
2025-03-04T18:17:05.458-05:00  INFO 53758 --- [modakflix-commentsection] [localhost:27017] org.mongodb.driver.cluster               : Monitor thread successfully connected to server with description ServerDescription{address=localhost:27017, type=STANDALONE, state=CONNECTED, ok=true, minWireVersion=0, maxWireVersion=25, maxDocumentSize=16777216, logicalSessionTimeoutMinutes=30, roundTripTimeNanos=38746958}
2025-03-04T18:17:05.666-05:00  INFO 53758 --- [modakflix-commentsection] [           main] .ModakflixCommentsectionApplicationTests : Started ModakflixCommentsectionApplicationTests in 0.701 seconds (process running for 1.025)
]]></system-out>
    <system-err><![CDATA[WARNING: A Java agent has been loaded dynamically (/Users/souravmodak/.m2/repository/net/bytebuddy/byte-buddy-agent/1.14.19/byte-buddy-agent-1.14.19.jar)
WARNING: If a serviceability tool is in use, please run with -XX:+EnableDynamicAgentLoading to hide this warning
WARNING: If a serviceability tool is not in use, please run with -Djdk.instrument.traceUsage for more information
WARNING: Dynamic loading of agents will be disallowed by default in a future release
]]></system-err>
  </testcase>
</testsuite>